2022-12-07 15:33:36,588 :INFO :====== WebDriver manager ======
2022-12-07 15:33:42,234 :INFO :Get LATEST chromedriver version for google-chrome 108.0.5359
2022-12-07 15:33:45,032 :INFO :Driver [C:\Users\oluse\.wdm\drivers\chromedriver\win32\108.0.5359\chromedriver.exe] found in cache
2022-12-07 15:33:52,811 :INFO :******** Verifying Login test ********
2022-12-07 15:33:57,523 :INFO :******** Login Test is successful *******
2022-12-07 15:41:40,168 :INFO :====== WebDriver manager ======
2022-12-07 15:41:42,677 :INFO :Get LATEST chromedriver version for google-chrome 108.0.5359
2022-12-07 15:41:45,422 :INFO :Driver [C:\Users\oluse\.wdm\drivers\chromedriver\win32\108.0.5359\chromedriver.exe] found in cache
2022-12-07 15:41:47,349 :INFO :******** Verifying Login test ********
2022-12-07 15:42:01,502 :INFO :******** Login Test is successful *******
2022-12-07 15:43:07,059 :INFO :====== WebDriver manager ======
2022-12-07 15:43:09,457 :INFO :Get LATEST chromedriver version for google-chrome 108.0.5359
2022-12-07 15:43:11,670 :INFO :Driver [C:\Users\oluse\.wdm\drivers\chromedriver\win32\108.0.5359\chromedriver.exe] found in cache
2022-12-07 15:43:13,210 :INFO :******** Verifying Login test ********
2022-12-07 15:43:17,442 :INFO :******** Login Test is successful *******
2022-12-08 15:58:10,216 :INFO :====== WebDriver manager ======
2022-12-08 15:58:13,407 :INFO :Get LATEST chromedriver version for google-chrome 108.0.5359
2022-12-08 15:58:16,947 :INFO :Driver [C:\Users\oluse\.wdm\drivers\chromedriver\win32\108.0.5359\chromedriver.exe] found in cache
2022-12-08 15:58:18,715 :INFO :******** Verifying Login test ********
2022-12-08 15:58:23,124 :INFO :******** Login Test is successful *******
2022-12-08 16:08:33,451 :INFO :====== WebDriver manager ======
2022-12-08 16:08:37,115 :INFO :Get LATEST chromedriver version for google-chrome 108.0.5359
2022-12-08 16:08:39,891 :INFO :Driver [C:\Users\oluse\.wdm\drivers\chromedriver\win32\108.0.5359\chromedriver.exe] found in cache
2022-12-08 16:08:41,679 :INFO :******** Verifying Login test ********
2022-12-08 16:08:45,945 :INFO :******** Login Test is successful *******
2022-12-14 10:15:08,310 :INFO :====== WebDriver manager ======
2022-12-14 10:15:11,691 :INFO :Get LATEST chromedriver version for google-chrome 108.0.5359
2022-12-14 10:15:14,407 :INFO :Driver [C:\Users\oluse\.wdm\drivers\chromedriver\win32\108.0.5359\chromedriver.exe] found in cache
2022-12-14 10:15:16,279 :INFO :******** Verifying Login test ********
2022-12-14 10:15:20,189 :INFO :******** Login Test is successful *******
2022-12-14 10:21:28,326 :INFO :====== WebDriver manager ======
2022-12-14 10:21:31,424 :INFO :Get LATEST chromedriver version for google-chrome 108.0.5359
2022-12-14 10:21:33,919 :INFO :Driver [C:\Users\oluse\.wdm\drivers\chromedriver\win32\108.0.5359\chromedriver.exe] found in cache
2022-12-14 10:21:35,344 :INFO :******** Verifying Login test ********
2022-12-14 10:21:39,523 :INFO :******** Login Test is successful *******
2022-12-14 10:24:49,261 :INFO :====== WebDriver manager ======
2022-12-14 10:24:51,823 :INFO :Get LATEST chromedriver version for google-chrome 108.0.5359
2022-12-14 10:24:54,290 :INFO :Driver [C:\Users\oluse\.wdm\drivers\chromedriver\win32\108.0.5359\chromedriver.exe] found in cache
2022-12-14 10:24:55,692 :INFO :******** Verifying Login test ********
2022-12-14 10:24:59,641 :INFO :******** Login Test is successful *******
2022-12-14 10:27:59,742 :INFO :******** Verifying Login test ********
2022-12-14 10:28:04,301 :INFO :******** Login Test is successful *******
2022-12-14 10:31:47,292 :INFO :====== WebDriver manager ======
2022-12-14 10:31:48,061 :INFO :Get LATEST chromedriver version for google-chrome 108.0.5359
2022-12-14 10:31:48,899 :INFO :Driver [C:\Users\oluse\.wdm\drivers\chromedriver\win32\108.0.5359\chromedriver.exe] found in cache
2022-12-14 10:31:50,150 :INFO :******** Verifying Login test ********
2022-12-14 10:31:54,362 :INFO :******** Login Test is successful *******
2022-12-30 09:25:14,262 :INFO :====== WebDriver manager ======
2022-12-30 09:25:15,842 :INFO :Get LATEST chromedriver version for google-chrome 108.0.5359
2022-12-30 09:25:17,185 :INFO :Driver [C:\Users\oluse\.wdm\drivers\chromedriver\win32\108.0.5359\chromedriver.exe] found in cache
2022-12-30 09:25:18,785 :INFO :******** Verifying Login test ********
2022-12-30 09:25:25,479 :INFO :******** Login Test is successful *******
2023-01-03 13:24:37,785 :INFO :====== WebDriver manager ======
2023-01-03 13:24:40,474 :INFO :Get LATEST chromedriver version for google-chrome 108.0.5359
2023-01-03 13:24:42,181 :INFO :Driver [C:\Users\oluse\.wdm\drivers\chromedriver\win32\108.0.5359\chromedriver.exe] found in cache
2023-01-03 13:24:44,147 :INFO :******** Verifying Login test ********
2023-01-03 13:24:48,935 :INFO :******** Login Test is successful *******
2023-01-12 16:05:41,175 :INFO :xdist worker is: gw0
2023-01-12 16:05:41,176 :INFO :====== WebDriver manager ======
2023-01-12 16:05:42,991 :INFO :Get LATEST chromedriver version for google-chrome 108.0.5359
2023-01-12 16:05:44,306 :INFO :Driver [C:\Users\oluse\.wdm\gw0\drivers\chromedriver\win32\108.0.5359\chromedriver.exe] found in cache
2023-01-12 16:05:46,786 :INFO :******** Verifying Login test ********
2023-01-12 16:05:53,789 :INFO :******** Login Test is successful *******
2023-01-12 16:06:57,876 :INFO :====== WebDriver manager ======
2023-01-12 16:06:58,803 :INFO :Get LATEST chromedriver version for google-chrome 108.0.5359
2023-01-12 16:07:00,286 :INFO :Driver [C:\Users\oluse\.wdm\drivers\chromedriver\win32\108.0.5359\chromedriver.exe] found in cache
2023-01-12 16:07:01,534 :INFO :******** Verifying Login test ********
2023-01-12 16:07:05,313 :INFO :******** Login Test is successful *******
2023-01-12 16:48:24,368 :INFO :====== WebDriver manager ======
2023-01-12 16:48:25,197 :INFO :Get LATEST chromedriver version for google-chrome 108.0.5359
2023-01-12 16:48:26,002 :INFO :Driver [C:\Users\oluse\.wdm\drivers\chromedriver\win32\108.0.5359\chromedriver.exe] found in cache
2023-01-12 16:48:27,111 :INFO :******** Verifying Login test ********
2023-01-12 16:48:33,305 :INFO :******** Login Test is successful *******
2023-01-13 11:04:49,780 :INFO :====== WebDriver manager ======
2023-01-13 11:04:52,747 :INFO :Get LATEST chromedriver version for google-chrome 108.0.5359
2023-01-13 11:04:55,804 :INFO :Driver [C:\Users\oluse\.wdm\drivers\chromedriver\win32\108.0.5359\chromedriver.exe] found in cache
2023-01-13 11:04:57,456 :INFO :******** Verifying Login test ********
2023-01-13 11:05:05,330 :INFO :******** Login Test is successful *******
2023-01-13 11:15:44,946 :INFO :====== WebDriver manager ======
2023-01-13 11:15:46,179 :INFO :Get LATEST chromedriver version for google-chrome 108.0.5359
2023-01-13 11:15:47,431 :INFO :Driver [C:\Users\oluse\.wdm\drivers\chromedriver\win32\108.0.5359\chromedriver.exe] found in cache
2023-01-13 11:15:48,640 :INFO :******** Verifying Login test ********
2023-01-13 11:15:55,500 :INFO :******** Login Test is successful *******
2023-01-13 13:25:17,784 :INFO :====== WebDriver manager ======
2023-01-13 13:25:18,616 :INFO :Get LATEST chromedriver version for google-chrome 108.0.5359
2023-01-13 13:25:19,534 :INFO :Driver [C:\Users\oluse\.wdm\drivers\chromedriver\win32\108.0.5359\chromedriver.exe] found in cache
2023-01-13 13:25:20,842 :INFO :******** Verifying Login test ********
2023-01-13 13:25:24,789 :INFO :******** Login Test is successful *******
2023-01-13 13:38:27,997 :INFO :====== WebDriver manager ======
2023-01-13 13:38:29,047 :INFO :Get LATEST chromedriver version for google-chrome 108.0.5359
2023-01-13 13:38:29,869 :INFO :Driver [C:\Users\oluse\.wdm\drivers\chromedriver\win32\108.0.5359\chromedriver.exe] found in cache
2023-01-13 13:38:31,132 :INFO :******** Verifying Login test ********
2023-01-13 13:38:34,958 :INFO :******** Login Test is successful *******
2023-01-17 15:24:39,240 :INFO :******** Verifying Login test ********
2023-01-17 15:24:43,381 :INFO :******** Login Test is successful *******
2023-01-17 15:26:11,387 :INFO :******** Verifying Login test ********
2023-01-17 15:26:15,877 :INFO :******** Login Test is successful *******
2023-01-17 15:31:15,768 :INFO :******** Verifying Login test ********
2023-01-17 15:31:19,663 :INFO :******** Login Test is successful *******
2023-01-17 15:43:47,819 :INFO :******** Verifying Login test ********
2023-01-17 15:43:51,423 :INFO :******** Login Test is successful *******
2023-03-31 12:26:49,013 :INFO :====== WebDriver manager ======
2023-03-31 12:26:50,004 :INFO :Get LATEST chromedriver version for google-chrome 111.0.5563
2023-03-31 12:26:50,898 :INFO :Driver [C:\Users\oluse\.wdm\drivers\chromedriver\win32\111.0.5563\chromedriver.exe] found in cache
2023-03-31 12:26:54,312 :INFO :******** Verifying Login test ********
2023-03-31 12:26:57,931 :INFO :******** Login Test is successful *******
2023-03-31 12:57:34,821 :INFO :====== WebDriver manager ======
2023-03-31 12:57:35,679 :INFO :Get LATEST chromedriver version for google-chrome 111.0.5563
2023-03-31 12:57:36,597 :INFO :Driver [C:\Users\oluse\.wdm\drivers\chromedriver\win32\111.0.5563\chromedriver.exe] found in cache
2023-03-31 12:57:39,970 :INFO :******** Verifying Login test ********
2023-03-31 12:57:44,046 :INFO :******** Login Test is successful *******
2023-04-11 08:44:40,489 :INFO :====== WebDriver manager ======
2023-04-11 08:44:42,814 :INFO :Get LATEST chromedriver version for google-chrome 111.0.5563
2023-04-11 08:44:43,990 :INFO :Driver [C:\Users\oluse\.wdm\drivers\chromedriver\win32\111.0.5563\chromedriver.exe] found in cache
2023-04-11 08:44:47,431 :INFO :******** Verifying Login test ********
2023-04-11 08:44:54,171 :INFO :******** Login Test is successful *******
2023-04-11 08:45:37,885 :INFO :====== WebDriver manager ======
2023-04-11 08:45:38,700 :INFO :Get LATEST chromedriver version for google-chrome 111.0.5563
2023-04-11 08:45:39,805 :INFO :Driver [C:\Users\oluse\.wdm\drivers\chromedriver\win32\111.0.5563\chromedriver.exe] found in cache
2023-04-11 08:45:43,829 :INFO :******** Verifying Login test ********
2023-04-11 08:45:49,345 :INFO :******** Login Test is successful *******
2023-04-11 09:56:15,974 :INFO :====== WebDriver manager ======
2023-04-11 09:56:17,266 :INFO :Get LATEST chromedriver version for google-chrome 111.0.5563
2023-04-11 09:56:18,343 :INFO :Driver [C:\Users\oluse\.wdm\drivers\chromedriver\win32\111.0.5563\chromedriver.exe] found in cache
2023-04-11 09:56:23,131 :INFO :******** Verifying Login test ********
2023-04-11 09:56:29,195 :INFO :******** Login Test is successful *******
2023-04-11 09:58:03,333 :INFO :====== WebDriver manager ======
2023-04-11 09:58:04,772 :INFO :Get LATEST chromedriver version for google-chrome 111.0.5563
2023-04-11 09:58:05,757 :INFO :Driver [C:\Users\oluse\.wdm\drivers\chromedriver\win32\111.0.5563\chromedriver.exe] found in cache
2023-04-11 09:58:11,547 :INFO :******** Verifying Login test ********
2023-04-11 09:58:16,911 :INFO :******** Login Test is successful *******
2023-04-11 10:11:56,360 :INFO :====== WebDriver manager ======
2023-04-11 10:11:57,740 :INFO :Get LATEST chromedriver version for google-chrome 111.0.5563
2023-04-11 10:11:58,867 :INFO :Driver [C:\Users\oluse\.wdm\drivers\chromedriver\win32\111.0.5563\chromedriver.exe] found in cache
2023-04-11 10:12:03,433 :INFO :******** Verifying Login test ********
2023-04-11 10:12:07,366 :INFO :******** Login Test is successful *******
2023-04-11 10:15:27,950 :INFO :====== WebDriver manager ======
2023-04-11 10:15:29,458 :INFO :Get LATEST chromedriver version for google-chrome 111.0.5563
2023-04-11 10:15:30,422 :INFO :Driver [C:\Users\oluse\.wdm\drivers\chromedriver\win32\111.0.5563\chromedriver.exe] found in cache
2023-04-11 10:15:33,897 :INFO :******** Verifying Login test ********
2023-04-11 10:15:37,417 :INFO :******** Login Test is successful *******
2023-04-13 08:46:38,535 :INFO :====== WebDriver manager ======
2023-04-13 08:46:39,821 :INFO :Get LATEST chromedriver version for google-chrome 111.0.5563
2023-04-13 08:46:41,281 :INFO :Driver [C:\Users\oluse\.wdm\drivers\chromedriver\win32\111.0.5563\chromedriver.exe] found in cache
2023-04-13 08:46:46,530 :INFO :******** Verifying Login test ********
2023-04-13 08:46:51,420 :INFO :******** Login Test is successful *******
2023-04-13 08:47:55,379 :INFO :====== WebDriver manager ======
2023-04-13 08:47:57,223 :INFO :Get LATEST chromedriver version for google-chrome 111.0.5563
2023-04-13 08:47:58,377 :INFO :Driver [C:\Users\oluse\.wdm\drivers\chromedriver\win32\111.0.5563\chromedriver.exe] found in cache
2023-04-13 08:48:02,654 :INFO :******** Verifying Login test ********
2023-04-13 08:48:06,825 :INFO :******** Login Test is successful *******
2023-04-13 08:50:24,213 :INFO :====== WebDriver manager ======
2023-04-13 08:50:26,211 :INFO :Get LATEST chromedriver version for google-chrome 111.0.5563
2023-04-13 08:50:27,392 :INFO :Driver [C:\Users\oluse\.wdm\drivers\chromedriver\win32\111.0.5563\chromedriver.exe] found in cache
2023-04-13 08:50:31,851 :INFO :******** Verifying Login test ********
2023-04-13 08:50:36,435 :INFO :******** Login Test is successful *******
2023-04-13 08:56:03,571 :INFO :====== WebDriver manager ======
2023-04-13 08:56:05,806 :INFO :Get LATEST chromedriver version for google-chrome 111.0.5563
2023-04-13 08:56:08,843 :INFO :Driver [C:\Users\oluse\.wdm\drivers\chromedriver\win32\111.0.5563\chromedriver.exe] found in cache
2023-04-13 08:56:13,291 :INFO :******** Verifying Login test ********
2023-04-13 08:56:18,424 :INFO :******** Login Test is successful *******
2023-04-13 08:56:59,004 :INFO :====== WebDriver manager ======
2023-04-13 08:57:01,367 :INFO :Get LATEST chromedriver version for google-chrome 111.0.5563
2023-04-13 08:57:02,942 :INFO :Driver [C:\Users\oluse\.wdm\drivers\chromedriver\win32\111.0.5563\chromedriver.exe] found in cache
2023-04-13 08:57:07,393 :INFO :******** Verifying Login test ********
2023-04-13 08:57:12,556 :INFO :******** Login Test is successful *******
2023-06-09 04:07:12,448 :INFO :====== WebDriver manager ======
2023-06-09 04:07:13,657 :INFO :Get LATEST chromedriver version for google-chrome 114.0.5735
2023-06-09 04:07:14,582 :INFO :Driver [C:\Users\oluse\.wdm\drivers\chromedriver\win32\114.0.5735\chromedriver.exe] found in cache
2023-06-09 04:07:18,490 :INFO :******** Verifying Login test ********
2023-06-09 04:07:22,440 :INFO :******** Login Test is successful *******
2023-06-09 09:45:14,180 :INFO :====== WebDriver manager ======
2023-06-09 09:45:15,111 :INFO :Get LATEST chromedriver version for google-chrome 114.0.5735
2023-06-09 09:45:16,029 :INFO :Driver [C:\Users\oluse\.wdm\drivers\chromedriver\win32\114.0.5735\chromedriver.exe] found in cache
2023-06-09 09:45:17,584 :INFO :******** Verifying Login test ********
2023-06-09 09:45:21,653 :INFO :******** Login Test is successful *******
2023-08-22 09:11:49,921 :INFO :====== WebDriver manager ======
2023-08-22 09:11:51,702 :INFO :Get LATEST chromedriver version for google-chrome
2023-08-22 09:11:51,716 :INFO :Get LATEST chromedriver version for google-chrome
2023-08-22 09:11:51,716 :INFO :There is no [win64] chromedriver "116.0.5845.97" for browser google-chrome "116.0.5845.97" in cache
2023-08-22 09:11:51,716 :INFO :Get LATEST chromedriver version for google-chrome
2023-08-22 09:11:51,847 :INFO :WebDriver version 116.0.5845.96 selected
2023-08-22 09:11:51,848 :INFO :Modern chrome version https://edgedl.me.gvt1.com/edgedl/chrome/chrome-for-testing/116.0.5845.96/win32/chromedriver-win32.zip
2023-08-22 09:11:51,848 :INFO :About to download new driver from https://edgedl.me.gvt1.com/edgedl/chrome/chrome-for-testing/116.0.5845.96/win32/chromedriver-win32.zip
2023-08-22 09:11:51,971 :INFO :Driver downloading response is 200
2023-08-22 09:11:52,471 :INFO :Get LATEST chromedriver version for google-chrome
2023-08-22 09:11:52,500 :INFO :Driver has been saved in cache [C:\Users\oluse\.wdm\drivers\chromedriver\win64\116.0.5845.97]
2023-08-22 09:11:56,149 :INFO :******** Verifying Login test ********
2023-08-22 09:12:01,599 :INFO :******** Login Test is successful *******
2023-08-22 09:13:26,293 :INFO :====== WebDriver manager ======
2023-08-22 09:13:28,032 :INFO :Get LATEST chromedriver version for google-chrome
2023-08-22 09:13:28,044 :INFO :Get LATEST chromedriver version for google-chrome
2023-08-22 09:13:28,045 :INFO :There is no [win64] chromedriver "116.0.5845.97" for browser google-chrome "116.0.5845.97" in cache
2023-08-22 09:13:28,045 :INFO :Get LATEST chromedriver version for google-chrome
2023-08-22 09:13:28,170 :INFO :WebDriver version 116.0.5845.96 selected
2023-08-22 09:13:28,171 :INFO :Modern chrome version https://edgedl.me.gvt1.com/edgedl/chrome/chrome-for-testing/116.0.5845.96/win32/chromedriver-win32.zip
2023-08-22 09:13:28,171 :INFO :About to download new driver from https://edgedl.me.gvt1.com/edgedl/chrome/chrome-for-testing/116.0.5845.96/win32/chromedriver-win32.zip
2023-08-22 09:13:28,314 :INFO :Driver downloading response is 200
2023-08-22 09:13:28,751 :INFO :Get LATEST chromedriver version for google-chrome
2023-08-22 09:13:28,777 :INFO :Driver has been saved in cache [C:\Users\oluse\.wdm\drivers\chromedriver\win64\116.0.5845.97]
2023-08-22 09:13:32,474 :INFO :******** Verifying Login test ********
2023-08-22 09:13:38,593 :INFO :******** Login Test is successful *******
2023-08-22 09:13:53,457 :INFO :====== WebDriver manager ======
2023-08-22 09:13:55,447 :INFO :Get LATEST chromedriver version for google-chrome
2023-08-22 09:13:55,459 :INFO :Get LATEST chromedriver version for google-chrome
2023-08-22 09:13:55,460 :INFO :There is no [win64] chromedriver "116.0.5845.97" for browser google-chrome "116.0.5845.97" in cache
2023-08-22 09:13:55,460 :INFO :Get LATEST chromedriver version for google-chrome
2023-08-22 09:13:55,614 :INFO :WebDriver version 116.0.5845.96 selected
2023-08-22 09:13:55,615 :INFO :Modern chrome version https://edgedl.me.gvt1.com/edgedl/chrome/chrome-for-testing/116.0.5845.96/win32/chromedriver-win32.zip
2023-08-22 09:13:55,615 :INFO :About to download new driver from https://edgedl.me.gvt1.com/edgedl/chrome/chrome-for-testing/116.0.5845.96/win32/chromedriver-win32.zip
2023-08-22 09:13:55,760 :INFO :Driver downloading response is 200
2023-08-22 09:13:56,287 :INFO :Get LATEST chromedriver version for google-chrome
2023-08-22 09:13:56,316 :INFO :Driver has been saved in cache [C:\Users\oluse\.wdm\drivers\chromedriver\win64\116.0.5845.97]
2023-08-22 09:13:59,886 :INFO :******** Verifying Login test ********
2023-08-22 09:14:04,659 :INFO :******** Login Test is successful *******
2023-08-22 09:24:12,720 :INFO :====== WebDriver manager ======
2023-08-22 09:24:14,798 :INFO :Get LATEST chromedriver version for google-chrome
2023-08-22 09:24:14,813 :INFO :Get LATEST chromedriver version for google-chrome
2023-08-22 09:24:14,814 :INFO :There is no [win64] chromedriver "116.0.5845.97" for browser google-chrome "116.0.5845.97" in cache
2023-08-22 09:24:14,814 :INFO :Get LATEST chromedriver version for google-chrome
2023-08-22 09:24:14,963 :INFO :WebDriver version 116.0.5845.96 selected
2023-08-22 09:24:14,963 :INFO :Modern chrome version https://edgedl.me.gvt1.com/edgedl/chrome/chrome-for-testing/116.0.5845.96/win32/chromedriver-win32.zip
2023-08-22 09:24:14,964 :INFO :About to download new driver from https://edgedl.me.gvt1.com/edgedl/chrome/chrome-for-testing/116.0.5845.96/win32/chromedriver-win32.zip
2023-08-22 09:24:15,102 :INFO :Driver downloading response is 200
2023-08-22 09:24:15,518 :INFO :Get LATEST chromedriver version for google-chrome
2023-08-22 09:24:15,545 :INFO :Driver has been saved in cache [C:\Users\oluse\.wdm\drivers\chromedriver\win64\116.0.5845.97]
2023-08-22 09:24:19,112 :INFO :******** Verifying Login test ********
2023-08-22 09:24:27,267 :INFO :******** Login Test is successful *******
2023-08-22 09:28:52,646 :INFO :====== WebDriver manager ======
2023-08-22 09:28:54,228 :INFO :Get LATEST chromedriver version for google-chrome
2023-08-22 09:28:54,391 :INFO :Get LATEST chromedriver version for google-chrome
2023-08-22 09:28:54,391 :INFO :There is no [win64] chromedriver "116.0.5845.97" for browser google-chrome "116.0.5845.97" in cache
2023-08-22 09:28:54,392 :INFO :Get LATEST chromedriver version for google-chrome
2023-08-22 09:28:54,528 :INFO :WebDriver version 116.0.5845.96 selected
2023-08-22 09:28:54,529 :INFO :Modern chrome version https://edgedl.me.gvt1.com/edgedl/chrome/chrome-for-testing/116.0.5845.96/win32/chromedriver-win32.zip
2023-08-22 09:28:54,530 :INFO :About to download new driver from https://edgedl.me.gvt1.com/edgedl/chrome/chrome-for-testing/116.0.5845.96/win32/chromedriver-win32.zip
2023-08-22 09:28:54,664 :INFO :Driver downloading response is 200
2023-08-22 09:28:55,139 :INFO :Get LATEST chromedriver version for google-chrome
2023-08-22 09:28:55,172 :INFO :Driver has been saved in cache [C:\Users\oluse\.wdm\drivers\chromedriver\win64\116.0.5845.97]
2023-08-22 09:28:56,379 :INFO :******** Verifying Login test ********
2023-08-22 09:28:59,576 :INFO :******** Login Test is successful *******
2023-08-30 08:26:30,585 :INFO :====== WebDriver manager ======
2023-08-30 08:26:32,097 :INFO :Get LATEST chromedriver version for google-chrome
2023-08-30 08:26:32,113 :INFO :Get LATEST chromedriver version for google-chrome
2023-08-30 08:26:32,113 :INFO :There is no [win64] chromedriver "116.0.5845.111" for browser google-chrome "116.0.5845.111" in cache
2023-08-30 08:26:32,113 :INFO :Get LATEST chromedriver version for google-chrome
2023-08-30 08:26:32,249 :INFO :WebDriver version 116.0.5845.96 selected
2023-08-30 08:26:32,250 :INFO :Modern chrome version https://edgedl.me.gvt1.com/edgedl/chrome/chrome-for-testing/116.0.5845.96/win32/chromedriver-win32.zip
2023-08-30 08:26:32,250 :INFO :About to download new driver from https://edgedl.me.gvt1.com/edgedl/chrome/chrome-for-testing/116.0.5845.96/win32/chromedriver-win32.zip
2023-08-30 08:26:32,387 :INFO :Driver downloading response is 200
2023-08-30 08:26:33,606 :INFO :Get LATEST chromedriver version for google-chrome
2023-08-30 08:26:33,639 :INFO :Driver has been saved in cache [C:\Users\oluse\.wdm\drivers\chromedriver\win64\116.0.5845.111]
2023-08-30 08:26:34,779 :INFO :******** Verifying Login test ********
2023-08-30 08:26:42,513 :INFO :******** Login Test is successful *******
2024-02-11 16:40:53,788 :INFO :******** Verifying Login test ********
2024-02-11 16:40:56,470 :INFO :******** Login Test is successful *******
2024-02-11 16:46:44,759 :INFO :******** Verifying Login test ********
2024-02-11 16:47:37,914 :INFO :******** Verifying Login test ********
2024-06-10 18:46:27,364 :INFO :******** Verifying Login test ********
2024-08-20 20:23:57,752 :INFO :******** Verifying Login test ********
2024-08-20 20:26:45,081 :INFO :******** Verifying Login test ********
2024-08-20 20:27:53,684 :INFO :====== WebDriver manager ======
2024-08-20 20:27:54,687 :INFO :Get LATEST chromedriver version for google-chrome
2024-08-20 20:27:54,810 :INFO :Get LATEST chromedriver version for google-chrome
2024-08-20 20:27:54,936 :INFO :Driver [C:\Users\Owner\.wdm\drivers\chromedriver\win64\127.0.6533.119\chromedriver-win32/chromedriver.exe] found in cache
2024-08-20 20:27:58,085 :INFO :******** Verifying Login test ********
2024-08-20 20:28:50,189 :INFO :====== WebDriver manager ======
2024-08-20 20:28:51,065 :INFO :Get LATEST chromedriver version for google-chrome
2024-08-20 20:28:51,188 :INFO :Get LATEST chromedriver version for google-chrome
2024-08-20 20:28:51,314 :INFO :Driver [C:\Users\Owner\.wdm\drivers\chromedriver\win64\127.0.6533.119\chromedriver-win32/chromedriver.exe] found in cache
2024-08-20 20:28:54,461 :INFO :******** Verifying Login test ********
2024-08-20 20:29:15,806 :INFO :====== WebDriver manager ======
2024-08-20 20:29:16,683 :INFO :Get LATEST chromedriver version for google-chrome
2024-08-20 20:29:16,786 :INFO :Get LATEST chromedriver version for google-chrome
2024-08-20 20:29:16,893 :INFO :Driver [C:\Users\Owner\.wdm\drivers\chromedriver\win64\127.0.6533.119\chromedriver-win32/chromedriver.exe] found in cache
2024-08-20 20:29:19,977 :INFO :******** Verifying Login test ********
2024-08-20 20:30:40,322 :INFO :====== WebDriver manager ======
2024-08-20 20:30:41,211 :INFO :Get LATEST chromedriver version for google-chrome
2024-08-20 20:30:41,323 :INFO :Get LATEST chromedriver version for google-chrome
2024-08-20 20:30:41,427 :INFO :Driver [C:\Users\Owner\.wdm\drivers\chromedriver\win64\127.0.6533.119\chromedriver-win32/chromedriver.exe] found in cache
2024-08-20 20:30:44,586 :INFO :******** Verifying Login test ********
2024-12-28 13:56:38,536 :INFO :====== WebDriver manager ======
2024-12-28 13:56:39,757 :INFO :Get LATEST chromedriver version for google-chrome
2024-12-28 13:56:39,861 :INFO :Get LATEST chromedriver version for google-chrome
2024-12-28 13:56:39,967 :INFO :Driver [C:\Users\Owner\.wdm\drivers\chromedriver\win64\131.0.6778.204\chromedriver-win32/chromedriver.exe] found in cache
2024-12-28 13:56:43,127 :INFO :******** Verifying Login test ********
2024-12-28 13:56:55,653 :INFO :******** Login Test is successful *******
2024-12-28 13:59:00,761 :INFO :====== WebDriver manager ======
2024-12-28 13:59:01,940 :INFO :Get LATEST chromedriver version for google-chrome
2024-12-28 13:59:02,038 :INFO :Get LATEST chromedriver version for google-chrome
2024-12-28 13:59:02,148 :INFO :Driver [C:\Users\Owner\.wdm\drivers\chromedriver\win64\131.0.6778.204\chromedriver-win32/chromedriver.exe] found in cache
2024-12-28 13:59:05,280 :INFO :******** Verifying Login test ********
2024-12-28 13:59:30,796 :INFO :******** Login Test is successful *******
2024-12-28 14:57:45,878 :INFO :====== WebDriver manager ======
2024-12-28 14:57:47,454 :INFO :Get LATEST chromedriver version for google-chrome
2024-12-28 14:57:47,557 :INFO :Get LATEST chromedriver version for google-chrome
2024-12-28 14:57:47,665 :INFO :Driver [C:\Users\Owner\.wdm\drivers\chromedriver\win64\131.0.6778.204\chromedriver-win32/chromedriver.exe] found in cache
2024-12-28 14:57:50,874 :INFO :******** Verifying Login test ********
2024-12-28 14:58:16,422 :INFO :******** Login Test is successful *******
2024-12-28 15:07:41,244 :INFO :====== WebDriver manager ======
2024-12-28 15:07:42,143 :INFO :Get LATEST chromedriver version for google-chrome
2024-12-28 15:07:42,247 :INFO :Get LATEST chromedriver version for google-chrome
2024-12-28 15:07:42,347 :INFO :Driver [C:\Users\Owner\.wdm\drivers\chromedriver\win64\131.0.6778.204\chromedriver-win32/chromedriver.exe] found in cache
2024-12-28 15:07:45,578 :INFO :******** Verifying Login test ********
2024-12-28 15:08:11,081 :INFO :******** Login Test is successful *******
2024-12-28 15:32:47,567 :INFO :====== WebDriver manager ======
2024-12-28 15:32:48,458 :INFO :Get LATEST chromedriver version for google-chrome
2024-12-28 15:32:48,559 :INFO :Get LATEST chromedriver version for google-chrome
2024-12-28 15:32:48,663 :INFO :Driver [C:\Users\Owner\.wdm\drivers\chromedriver\win64\131.0.6778.204\chromedriver-win32/chromedriver.exe] found in cache
2024-12-28 15:32:51,891 :INFO :******** Verifying Login test ********
2024-12-28 15:33:17,370 :INFO :******** Login Test is successful *******
2024-12-28 18:10:33,358 :INFO :====== WebDriver manager ======
2024-12-28 18:10:34,701 :INFO :Get LATEST chromedriver version for google-chrome
2024-12-28 18:10:34,813 :INFO :Get LATEST chromedriver version for google-chrome
2024-12-28 18:10:34,933 :INFO :Driver [C:\Users\Owner\.wdm\drivers\chromedriver\win64\131.0.6778.204\chromedriver-win32/chromedriver.exe] found in cache
2024-12-28 18:10:38,777 :INFO :******** Verifying Login test ********
2024-12-28 18:11:04,562 :INFO :******** Login Test is successful *******
2024-12-29 14:03:46,089 :INFO :====== WebDriver manager ======
2024-12-29 14:03:47,381 :INFO :Get LATEST chromedriver version for google-chrome
2024-12-29 14:03:47,481 :INFO :Get LATEST chromedriver version for google-chrome
2024-12-29 14:03:47,591 :INFO :Driver [C:\Users\Owner\.wdm\drivers\chromedriver\win64\131.0.6778.204\chromedriver-win32/chromedriver.exe] found in cache
2024-12-29 14:03:48,704 :INFO :******** Verifying Login test ********
2024-12-29 14:04:14,499 :INFO :******** Login Test is successful *******
2024-12-29 14:24:36,168 :INFO :====== WebDriver manager ======
2024-12-29 14:24:37,199 :INFO :Get LATEST chromedriver version for google-chrome
2024-12-29 14:24:37,295 :INFO :Get LATEST chromedriver version for google-chrome
2024-12-29 14:24:37,403 :INFO :Driver [C:\Users\Owner\.wdm\drivers\chromedriver\win64\131.0.6778.204\chromedriver-win32/chromedriver.exe] found in cache
2024-12-29 14:24:38,545 :INFO :******** Verifying Login test ********
2024-12-29 14:25:04,269 :INFO :******** Login Test is successful *******
